<?xml version="1.0" encoding="UTF-8"?>
<!-- Generated by org.testng.reporters.JUnitReportReporter -->
<testsuite hostname="DESKTOP-SM2D9RF" failures="0" tests="1" name="PageObject.LoginPageObject" time="0.037" errors="0" timestamp="2024-06-04T23:28:00 IST" skipped="0">
  <testcase classname="PageObject.LoginPageObject" name="login" time="0.037"/>
  <system-out/>
</testsuite> <!-- PageObject.LoginPageObject -->
